<?xml version="1.0" encoding="UTF-8"?>
<?totaltestVersion 20.10.3.v20220524-1628_164?>
<!--Topaz for Total Test 20.10.3.v20220524-1628_164 08-Aug-2023, 5:58:43 PM-->
<testsuites>
  <testsuite name="PGM02C_Scenario.context" errors="1" tests="0" failures="0">
    <testcase classname="PGM02C_Scenario.context" name="PGM02C_Scenario.context">
      <error message="An error occurred and the execution has been stopped. The runner JCL contains the TOTALTEST_JOBCARD parameter, but no jobcard file could be found">An error occurred and the execution has been stopped. The runner JCL contains the TOTALTEST_JOBCARD parameter, but no jobcard file could be found</error>
    </testcase>
  </testsuite>
</testsuites>
